<?xml version="1.0" encoding="UTF-8"?>
<testsuite name="SILab2Test" tests="1" skipped="0" failures="0" errors="0" timestamp="2022-06-03T16:42:09" hostname="DIMITAR-MOJSOSK" time="0.013">
  <properties/>
  <testcase name="everyStatementTest()" classname="SILab2Test" time="0.013"/>
  <system-out><![CDATA[]]></system-out>
  <system-err><![CDATA[]]></system-err>
</testsuite>
